<?xml version="1.0" encoding="UTF-8"?>
<!-- Generated by org.testng.reporters.JUnitReportReporter -->
<testsuite hostname="MSUBRAMANIAML1" name="com.movieDatabaseSplunk.movieDatabaseAPI.TestPalindromeMovieTitle" tests="1" failures="0" timestamp="11 May 2018 06:28:55 GMT" time="2.587" errors="0">
  <testcase name="validateMovieImage" time="2.587" classname="com.movieDatabaseSplunk.movieDatabaseAPI.TestPalindromeMovieTitle"/>
</testsuite> <!-- com.movieDatabaseSplunk.movieDatabaseAPI.TestPalindromeMovieTitle -->
