<?xml version="1.0" encoding="UTF-8"?>
<!-- Generated by org.testng.reporters.JUnitReportReporter -->
<testsuite hostname="MSUBRAMANIAML1" name="com.movieDatabaseSplunk.movieDatabaseAPI.AddMovieTest" tests="1" failures="0" timestamp="8 May 2018 09:56:11 GMT" time="2.478" errors="0">
  <testcase name="addMovieToDatabase" time="2.478" classname="com.movieDatabaseSplunk.movieDatabaseAPI.AddMovieTest"/>
</testsuite> <!-- com.movieDatabaseSplunk.movieDatabaseAPI.AddMovieTest -->
