<?xml version="1.0" encoding="UTF-8"?>
<!-- Generated by org.testng.reporters.JUnitReportReporter -->
<testsuite hostname="MSUBRAMANIAML1" name="com.movieDatabaseSplunk.movieDatabaseAPI.MovieTitleMatch" tests="1" failures="0" timestamp="13 May 2018 23:58:31 GMT" time="2.597" errors="0">
  <testcase name="testMoviesTitleMatch" time="2.597" classname="com.movieDatabaseSplunk.movieDatabaseAPI.MovieTitleMatch"/>
</testsuite> <!-- com.movieDatabaseSplunk.movieDatabaseAPI.MovieTitleMatch -->
