<?xml version="1.0" encoding="UTF-8"?>
<!-- Generated by org.testng.reporters.JUnitReportReporter -->
<testsuite hostname="MSUBRAMANIAML1" name="com.movieDatabaseSplunk.movieDatabaseAPI.TestSumMovieGenre" tests="1" failures="0" timestamp="11 May 2018 08:24:17 GMT" time="2.976" errors="0">
  <testcase name="validateMovieImage" time="2.976" classname="com.movieDatabaseSplunk.movieDatabaseAPI.TestSumMovieGenre"/>
</testsuite> <!-- com.movieDatabaseSplunk.movieDatabaseAPI.TestSumMovieGenre -->
