<?xml version="1.0" encoding="UTF-8"?>
<!-- Generated by org.testng.reporters.JUnitReportReporter -->
<testsuite hostname="MSUBRAMANIAML1" name="com.movieDatabaseSplunk.movieDatabaseAPI.TestSumMovieGenre" tests="1" failures="0" timestamp="13 May 2018 00:54:54 GMT" time="2.776" errors="0">
  <testcase name="testSumOfGenreIds" time="2.776" classname="com.movieDatabaseSplunk.movieDatabaseAPI.TestSumMovieGenre"/>
</testsuite> <!-- com.movieDatabaseSplunk.movieDatabaseAPI.TestSumMovieGenre -->
