<?xml version="1.0" encoding="UTF-8"?>
<!-- Generated by org.testng.reporters.JUnitReportReporter -->
<testsuite hostname="MSUBRAMANIAML1" name="com.movieDatabaseSplunk.movieDatabaseAPI.TestPalindromeMovieTitle" tests="1" failures="0" timestamp="13 May 2018 23:59:06 GMT" time="2.746" errors="0">
  <testcase name="testPalindromeMovieTitle" time="2.746" classname="com.movieDatabaseSplunk.movieDatabaseAPI.TestPalindromeMovieTitle"/>
</testsuite> <!-- com.movieDatabaseSplunk.movieDatabaseAPI.TestPalindromeMovieTitle -->
