<?xml version="1.0" encoding="UTF-8"?>
<!-- Generated by org.testng.reporters.JUnitReportReporter -->
<testsuite hostname="MSUBRAMANIAML1" name="com.movieDatabaseSplunk.movieDatabaseAPI.TestSumMovieGenre" tests="1" failures="0" timestamp="13 May 2018 23:59:50 GMT" time="3.201" errors="0">
  <testcase name="testSumOfGenreIds" time="3.201" classname="com.movieDatabaseSplunk.movieDatabaseAPI.TestSumMovieGenre"/>
</testsuite> <!-- com.movieDatabaseSplunk.movieDatabaseAPI.TestSumMovieGenre -->
